2018-02-09 18:24:09,584-INFO: 进入素材中心-主题
2018-02-09 18:24:14,588-INFO: 点击创作中心主按钮
2018-02-09 18:24:18,743-INFO: 点击"素材中心"
2018-02-09 18:24:20,915-INFO: 保存截图2018_02_09_18_24_20_test_template_theme_.png
2018-02-09 18:24:20,916-INFO: 点击“主题”
2018-02-09 18:24:24,003-INFO: 保存截图2018_02_09_18_24_22_test_template_theme_.png
2018-02-09 18:24:24,003-INFO: 下载“主题”
2018-02-09 18:24:24,003-INFO: 主题下载测试
2018-02-09 18:24:24,004-INFO: 开始下载
2018-02-09 18:24:24,465-INFO: 点击“下载”按钮
2018-02-09 18:24:26,254-INFO: 保存截图2018_02_09_18_24_25_template_download_.png
2018-02-09 18:24:26,254-INFO: 检查素材下载是否成功
2018-02-09 18:24:32,558-INFO: 保存截图2018_02_09_18_24_32_template_download_.png
2018-02-09 18:24:32,558-INFO: 主题下载测试完成
2018-02-09 18:24:32,558-INFO: 使用“主题”
2018-02-09 18:24:32,559-INFO: 主题使用素材并进入预览页测试
2018-02-09 18:24:33,559-INFO: 点击“使用”按钮
2018-02-09 18:24:35,482-INFO: 保存截图2018_02_09_18_24_35_template_use_.png
2018-02-09 18:24:35,482-INFO: 添加视频
2018-02-09 18:24:41,631-INFO: 添加多张图片
2018-02-09 18:25:48,577-INFO: 点击"下一步"
2018-02-09 18:25:50,828-INFO: 主题使用并进入预览页测试完成
2018-02-09 18:25:52,832-INFO: 点击“存草稿”按钮
2018-02-09 18:25:56,393-INFO: 保存截图2018_02_09_18_25_55_test_template_theme_.png
2018-02-09 18:25:56,393-INFO: 点击左上角返回按钮退回创作中心
2018-02-09 18:25:59,275-INFO: 点击"素材中心"
2018-02-09 18:26:01,059-INFO: 点击"主题"
2018-02-09 18:26:02,863-INFO: 删除下载的主题
2018-02-09 18:26:02,864-INFO: 主题删除测试
2018-02-09 18:26:05,611-INFO: 保存截图2018_02_09_18_26_05_theme_manager_.png
2018-02-09 18:26:08,110-INFO: 保存截图2018_02_09_18_26_07_theme_manager_.png
2018-02-09 18:26:08,111-INFO: 删除完成后，返回创作中心页面
2018-02-09 18:26:14,897-INFO: 主题删除测试完成
2018-02-09 18:26:14,898-INFO: 素材中心-滤镜
2018-02-09 18:26:15,903-INFO: 点击"素材中心"
2018-02-09 18:26:17,469-INFO: 点击"滤镜"
2018-02-09 18:26:20,190-INFO: 保存截图2018_02_09_18_26_19_test_template_filter_.png
2018-02-09 18:26:20,190-INFO: 下载“滤镜”
2018-02-09 18:26:20,190-INFO: 滤镜下载测试
2018-02-09 18:26:20,190-INFO: 开始下载
2018-02-09 18:26:20,572-INFO: 点击“下载”按钮
2018-02-09 18:26:23,507-INFO: 保存截图2018_02_09_18_26_22_template_download_.png
2018-02-09 18:26:23,507-INFO: 检查素材下载是否成功
2018-02-09 18:26:24,396-INFO: 保存截图2018_02_09_18_26_23_template_download_.png
2018-02-09 18:26:24,396-INFO: 滤镜下载测试完成
2018-02-09 18:26:24,396-INFO: 使用“滤镜”
2018-02-09 18:26:24,396-INFO: 滤镜使用素材并进入预览页测试
2018-02-09 18:26:25,401-INFO: 点击“使用”按钮
2018-02-09 18:26:28,562-INFO: 保存截图2018_02_09_18_26_28_template_use_.png
2018-02-09 18:26:28,563-INFO: 添加视频
2018-02-09 18:26:34,418-INFO: 添加多张图片
2018-02-09 18:27:28,079-INFO: 点击"下一步"
2018-02-09 18:27:30,353-INFO: 滤镜使用并进入预览页测试完成
2018-02-09 18:27:32,357-INFO: 保存使用的滤镜
2018-02-09 18:27:35,651-INFO: 保存截图2018_02_09_18_27_34_test_template_filter_.png
2018-02-09 18:27:35,651-INFO: 点击“存草稿”按钮
2018-02-09 18:27:38,433-INFO: 保存截图2018_02_09_18_27_38_test_template_filter_.png
2018-02-09 18:27:38,433-INFO: 点击左上角返回按钮退回创作中心
2018-02-09 18:27:41,233-INFO: 点击"素材中心"
2018-02-09 18:27:43,153-INFO: 点击"滤镜"
2018-02-09 18:27:44,966-INFO: 删除下载的滤镜
2018-02-09 18:27:44,967-INFO: 滤镜删除测试
2018-02-09 18:27:48,400-INFO: 保存截图2018_02_09_18_27_47_theme_manager_.png
2018-02-09 18:27:51,193-INFO: 保存截图2018_02_09_18_27_50_theme_manager_.png
2018-02-09 18:27:51,193-INFO: 删除完成后，返回创作中心页面
2018-02-09 18:27:59,767-INFO: 滤镜删除测试完成
2018-02-09 18:27:59,768-INFO: 素材中心-特效
2018-02-09 18:28:00,772-INFO: 点击"素材中心"
2018-02-09 18:28:02,467-INFO: 点击"特效"
2018-02-09 18:28:04,655-INFO: 保存截图2018_02_09_18_28_04_test_template_effect_.png
2018-02-09 18:28:04,655-INFO: 下载“特效”
2018-02-09 18:28:04,655-INFO: 特效下载测试
2018-02-09 18:28:04,655-INFO: 开始下载
2018-02-09 18:28:04,967-INFO: 点击“下载”按钮
2018-02-09 18:28:06,548-INFO: 保存截图2018_02_09_18_28_06_template_download_.png
2018-02-09 18:28:06,548-INFO: 检查素材下载是否成功
2018-02-09 18:28:07,858-INFO: 保存截图2018_02_09_18_28_07_template_download_.png
2018-02-09 18:28:07,858-INFO: 特效下载测试完成
2018-02-09 18:28:07,858-INFO: 使用“特效”
2018-02-09 18:28:07,858-INFO: 特效使用素材并进入预览页测试
2018-02-09 18:28:08,862-INFO: 点击“使用”按钮
2018-02-09 18:28:10,717-INFO: 保存截图2018_02_09_18_28_10_template_use_.png
2018-02-09 18:28:10,717-INFO: 添加视频
2018-02-09 18:28:16,393-INFO: 添加多张图片
2018-02-09 18:29:10,051-INFO: 点击"下一步"
2018-02-09 18:29:12,417-INFO: 特效使用并进入预览页测试完成
2018-02-09 18:29:14,418-INFO: 保存使用的特效
2018-02-09 18:29:20,239-INFO: 保存截图2018_02_09_18_29_19_test_template_effect_.png
2018-02-09 18:29:20,239-INFO: 点击“存草稿”按钮
2018-02-09 18:29:22,701-INFO: 点击左上角返回按钮退回创作中心
2018-02-09 18:29:25,623-INFO: 点击"素材中心"
2018-02-09 18:29:27,419-INFO: 点击"特效"
2018-02-09 18:29:29,189-INFO: 删除下载的特效
2018-02-09 18:29:29,189-INFO: 特效删除测试
2018-02-09 18:29:31,119-INFO: 保存截图2018_02_09_18_29_30_theme_manager_.png
2018-02-09 18:29:33,627-INFO: 保存截图2018_02_09_18_29_33_theme_manager_.png
2018-02-09 18:29:33,627-INFO: 删除完成后，返回创作中心页面
2018-02-09 18:29:40,471-INFO: 特效删除测试完成
2018-02-09 18:29:40,472-INFO: 素材中心-字体
2018-02-09 18:29:41,473-INFO: 点击"素材中心"
2018-02-09 18:29:43,111-INFO: 点击"字体"
2018-02-09 18:29:45,286-INFO: 保存截图2018_02_09_18_29_44_test_template_font_.png
2018-02-09 18:29:45,287-INFO: 下载“字体”
2018-02-09 18:29:45,287-INFO: 字体下载测试
2018-02-09 18:29:45,287-INFO: 开始下载
2018-02-09 18:29:45,630-INFO: 点击“下载”按钮
2018-02-09 18:29:47,493-INFO: 保存截图2018_02_09_18_29_47_template_download_.png
2018-02-09 18:29:47,493-INFO: 检查素材下载是否成功
2018-02-09 18:29:49,590-INFO: 保存截图2018_02_09_18_29_49_template_download_.png
2018-02-09 18:29:49,590-INFO: 字体下载测试完成
2018-02-09 18:29:49,590-INFO: 使用“字体”
2018-02-09 18:29:49,590-INFO: 字体使用素材并进入预览页测试
2018-02-09 18:29:50,592-INFO: 点击“使用”按钮
2018-02-09 18:29:53,099-INFO: 保存截图2018_02_09_18_29_52_template_use_.png
2018-02-09 18:29:53,100-INFO: 添加视频
2018-02-09 18:29:58,788-INFO: 添加多张图片
2018-02-09 18:31:05,385-INFO: 点击"下一步"
2018-02-09 18:31:07,645-INFO: 字体使用并进入预览页测试完成
2018-02-09 18:31:09,650-INFO: 确认使用该下载的字体
2018-02-09 18:31:11,800-INFO: 保存截图2018_02_09_18_31_11_test_template_font_.png
2018-02-09 18:31:11,800-INFO: 截取使用该字体的片段
2018-02-09 18:32:26,892-INFO: 保存截图2018_02_09_18_32_26_test_template_font_.png
2018-02-09 18:32:27,870-INFO: 点击“存草稿”按钮
2018-02-09 18:32:30,842-INFO: 点击左上角返回按钮退回创作中心
2018-02-09 18:32:33,891-INFO: 点击"素材中心"
2018-02-09 18:32:35,720-INFO: 点击"字体"
2018-02-09 18:32:37,519-INFO: 删除下载的字体
2018-02-09 18:32:37,519-INFO: 字体删除测试
2018-02-09 18:32:39,988-INFO: 保存截图2018_02_09_18_32_39_theme_manager_.png
2018-02-09 18:32:42,524-INFO: 保存截图2018_02_09_18_32_42_theme_manager_.png
2018-02-09 18:32:42,524-INFO: 删除完成后，返回创作中心页面
2018-02-09 18:32:49,679-INFO: 字体删除测试完成
2018-02-09 18:32:49,680-INFO: 素材中心-字幕
2018-02-09 18:32:50,680-INFO: 点击"素材中心"
2018-02-09 18:32:52,394-INFO: 向上滑动
2018-02-09 18:32:55,866-INFO: 保存截图2018_02_09_18_32_55_test_template_text_.png
2018-02-09 18:32:55,866-INFO: 点击"字幕"
2018-02-09 18:32:58,509-INFO: 保存截图2018_02_09_18_32_57_test_template_text_.png
2018-02-09 18:32:58,509-INFO: 下载“字幕”
2018-02-09 18:32:58,509-INFO: 字幕下载测试
2018-02-09 18:32:58,510-INFO: 开始下载
2018-02-09 18:32:58,880-INFO: 点击“下载”按钮
2018-02-09 18:33:01,671-INFO: 保存截图2018_02_09_18_33_01_template_download_.png
2018-02-09 18:33:01,672-INFO: 检查素材下载是否成功
2018-02-09 18:33:03,294-INFO: 保存截图2018_02_09_18_33_03_template_download_.png
2018-02-09 18:33:03,294-INFO: 字幕下载测试完成
2018-02-09 18:33:03,294-INFO: 使用“字幕”
2018-02-09 18:33:03,294-INFO: 字幕使用素材并进入预览页测试
2018-02-09 18:33:04,297-INFO: 点击“使用”按钮
2018-02-09 18:33:07,587-INFO: 保存截图2018_02_09_18_33_07_template_use_.png
2018-02-09 18:33:07,588-INFO: 添加视频
2018-02-09 18:33:13,415-INFO: 添加多张图片
2018-02-09 18:34:14,945-INFO: 点击"下一步"
2018-02-09 18:34:16,956-INFO: 字幕使用并进入预览页测试完成
2018-02-09 18:34:18,961-INFO: 确认使用该下载的字幕
2018-02-09 18:34:21,024-INFO: 截取使用该字体的片段
2018-02-09 18:35:39,856-INFO: 保存截图2018_02_09_18_35_39_test_template_text_.png
2018-02-09 18:35:40,845-INFO: 点击“存草稿”按钮
2018-02-09 18:35:43,474-INFO: 点击左上角返回按钮退回创作中心
2018-02-09 18:35:46,439-INFO: 点击"素材中心"
2018-02-09 18:35:48,251-INFO: 向上滑动
2018-02-09 18:35:51,175-INFO: 点击"字幕"
2018-02-09 18:35:52,967-INFO: 删除下载的字幕
2018-02-09 18:35:52,968-INFO: 字幕删除测试
2018-02-09 18:35:57,332-INFO: 保存截图2018_02_09_18_35_57_theme_manager_.png
2018-02-09 18:35:59,944-INFO: 保存截图2018_02_09_18_35_59_theme_manager_.png
2018-02-09 18:35:59,944-INFO: 删除完成后，返回创作中心页面
2018-02-09 18:36:08,142-INFO: 字幕删除测试完成
2018-02-09 18:36:08,143-INFO: 素材中心-动画贴纸
2018-02-09 18:36:09,144-INFO: 点击"素材中心"
2018-02-09 18:36:10,734-INFO: 向上滑动
2018-02-09 18:36:13,823-INFO: 点击"动画贴纸"
2018-02-09 18:36:16,675-INFO: 保存截图2018_02_09_18_36_15_test_template_sticker_.png
2018-02-09 18:36:16,675-INFO: 下载“动画贴纸”
2018-02-09 18:36:16,675-INFO: 动画贴纸下载测试
2018-02-09 18:36:16,675-INFO: 开始下载
2018-02-09 18:36:17,369-INFO: 点击“下载”按钮
2018-02-09 18:36:20,779-INFO: 保存截图2018_02_09_18_36_20_template_download_.png
2018-02-09 18:36:20,779-INFO: 检查素材下载是否成功
2018-02-09 18:36:22,453-INFO: 保存截图2018_02_09_18_36_22_template_download_.png
2018-02-09 18:36:22,453-INFO: 动画贴纸下载测试完成
2018-02-09 18:36:22,453-INFO: 使用“动画贴纸”
2018-02-09 18:36:22,453-INFO: 动画贴纸使用素材并进入预览页测试
2018-02-09 18:36:23,456-INFO: 点击“使用”按钮
2018-02-09 18:36:27,470-INFO: 保存截图2018_02_09_18_36_27_template_use_.png
2018-02-09 18:36:27,470-INFO: 添加视频
2018-02-09 18:36:33,202-INFO: 添加多张图片
2018-02-09 18:37:34,752-INFO: 点击"下一步"
2018-02-09 18:37:36,766-INFO: 动画贴纸使用并进入预览页测试完成
2018-02-09 18:37:38,769-INFO: 确认使用该下载的贴纸
2018-02-09 18:37:43,751-INFO: 保存截图2018_02_09_18_37_42_test_template_sticker_.png
2018-02-09 18:37:43,751-INFO: 点击“存草稿”按钮
2018-02-09 18:37:46,089-INFO: 点击左上角返回按钮退回创作中心
2018-02-09 18:37:49,050-INFO: 点击"素材中心"
2018-02-09 18:37:50,889-INFO: 向上滑动
2018-02-09 18:37:54,409-INFO: 点击"动画贴纸"
2018-02-09 18:37:56,328-INFO: 删除下载的贴纸
2018-02-09 18:37:56,329-INFO: 动画贴纸删除测试
2018-02-09 18:38:01,212-INFO: 保存截图2018_02_09_18_38_00_theme_manager_.png
2018-02-09 18:38:03,944-INFO: 保存截图2018_02_09_18_38_03_theme_manager_.png
2018-02-09 18:38:03,944-INFO: 删除完成后，返回创作中心页面
2018-02-09 18:38:12,716-INFO: 动画贴纸删除测试完成
2018-02-09 18:38:12,716-INFO: 素材中心-GIPHY
2018-02-09 18:38:13,722-INFO: 点击"素材中心"
2018-02-09 18:38:15,263-INFO: 向上滑动
2018-02-09 18:38:18,241-INFO: 点击"动画贴纸"
2018-02-09 18:38:20,157-INFO: 切换到"GIF"分类
2018-02-09 18:38:27,938-INFO: 保存截图2018_02_09_18_38_27_test_template_giphy_.png
2018-02-09 18:38:27,938-INFO: 下载“GIF贴纸”
2018-02-09 18:38:27,938-INFO: GIF贴纸下载测试
2018-02-09 18:38:27,938-INFO: 开始下载
2018-02-09 18:38:28,152-INFO: 点击“下载”按钮
2018-02-09 18:38:29,868-INFO: 保存截图2018_02_09_18_38_29_template_download_.png
2018-02-09 18:38:29,869-INFO: 检查素材下载是否成功
2018-02-09 18:38:31,930-INFO: 保存截图2018_02_09_18_38_31_template_download_.png
2018-02-09 18:38:31,931-INFO: GIF贴纸下载测试完成
2018-02-09 18:38:31,931-INFO: 使用“GIF贴纸”
2018-02-09 18:38:31,931-INFO: GIF贴纸使用素材并进入预览页测试
2018-02-09 18:38:32,936-INFO: 点击“使用”按钮
2018-02-09 18:38:34,941-INFO: 保存截图2018_02_09_18_38_34_template_use_.png
2018-02-09 18:38:34,941-INFO: 添加视频
2018-02-09 18:38:40,648-INFO: 添加多张图片
2018-02-09 18:39:47,724-INFO: 点击"下一步"
2018-02-09 18:39:49,995-INFO: GIF贴纸使用并进入预览页测试完成
2018-02-09 18:39:51,997-INFO: 确认使用该下载的GIF贴纸
2018-02-09 18:39:56,837-INFO: 保存截图2018_02_09_18_39_56_test_template_giphy_.png
2018-02-09 18:39:56,837-INFO: 点击“存草稿”按钮
2018-02-09 18:39:59,221-INFO: 点击左上角返回按钮退回创作中心
2018-02-09 18:40:02,210-INFO: 点击"素材中心"
2018-02-09 18:40:04,012-INFO: 向上滑动
2018-02-09 18:40:06,923-INFO: 点击"动画贴纸"
2018-02-09 18:40:08,899-INFO: 切换到"GIF"分类
2018-02-09 18:40:16,474-INFO: 删除下载的GIF贴纸
2018-02-09 18:40:16,474-INFO: GIF贴纸删除测试
2018-02-09 18:40:18,401-INFO: 保存截图2018_02_09_18_40_18_theme_manager_.png
2018-02-09 18:40:20,907-INFO: 保存截图2018_02_09_18_40_20_theme_manager_.png
2018-02-09 18:40:20,907-INFO: 删除完成后，返回创作中心页面
2018-02-09 18:40:27,868-INFO: GIF贴纸删除测试完成
2018-02-09 18:40:27,869-INFO: 素材中心-转场
2018-02-09 18:40:28,872-INFO: 点击"素材中心"
2018-02-09 18:40:30,441-INFO: 向上滑动
2018-02-09 18:40:32,920-INFO: 点击"转场"
2018-02-09 18:40:35,164-INFO: 保存截图2018_02_09_18_40_34_test_template_transition_.png
2018-02-09 18:40:35,164-INFO: 下载“转场”
2018-02-09 18:40:35,165-INFO: 转场下载测试
2018-02-09 18:40:35,165-INFO: 开始下载
2018-02-09 18:40:35,556-INFO: 点击“下载”按钮
2018-02-09 18:40:37,443-INFO: 保存截图2018_02_09_18_40_37_template_download_.png
2018-02-09 18:40:37,443-INFO: 检查素材下载是否成功
2018-02-09 18:40:38,032-INFO: 保存截图2018_02_09_18_40_37_template_download_.png
2018-02-09 18:40:38,032-INFO: 转场下载测试完成
2018-02-09 18:40:38,032-INFO: 使用“转场”
2018-02-09 18:40:38,032-INFO: 转场使用素材并进入预览页测试
2018-02-09 18:40:39,037-INFO: 点击“使用”按钮
2018-02-09 18:40:40,942-INFO: 保存截图2018_02_09_18_40_40_template_use_.png
2018-02-09 18:40:40,942-INFO: 添加视频
2018-02-09 18:40:46,633-INFO: 添加多张图片
2018-02-09 18:41:47,932-INFO: 点击"下一步"
2018-02-09 18:41:49,935-INFO: 转场使用并进入预览页测试完成
2018-02-09 18:41:51,936-INFO: 确认使用该下载的转场
2018-02-09 18:41:55,338-INFO: 保存截图2018_02_09_18_41_54_test_template_transition_.png
2018-02-09 18:41:55,338-INFO: 点击“存草稿”按钮
2018-02-09 18:41:57,735-INFO: 点击左上角返回按钮退回创作中心
2018-02-09 18:42:00,660-INFO: 点击"素材中心"
2018-02-09 18:42:02,553-INFO: 向上滑动
2018-02-09 18:42:05,501-INFO: 点击"转场"
2018-02-09 18:42:07,414-INFO: 删除下载的转场
2018-02-09 18:42:07,414-INFO: 转场删除测试
2018-02-09 18:42:09,683-INFO: 保存截图2018_02_09_18_42_09_theme_manager_.png
2018-02-09 18:42:12,880-INFO: 保存截图2018_02_09_18_42_12_theme_manager_.png
2018-02-09 18:42:12,880-INFO: 删除完成后，返回创作中心页面
2018-02-09 18:42:19,941-INFO: 转场删除测试完成
