2018-02-09 16:23:08,068-INFO: 进入素材中心-主题
2018-02-09 16:23:13,070-INFO: 点击创作中心主按钮
2018-02-09 16:23:17,125-INFO: 素材中心-字体
2018-02-09 16:23:18,126-INFO: 点击"素材中心"
2018-02-09 16:23:19,808-INFO: 点击"字体"
2018-02-09 16:23:22,244-INFO: 保存截图2018_02_09_16_23_21_test_template_font_.png
2018-02-09 16:23:22,244-INFO: 下载“字体”
2018-02-09 16:23:22,244-INFO: 字体下载测试
2018-02-09 16:23:22,244-INFO: 开始下载
2018-02-09 16:23:22,611-INFO: 点击“下载”按钮
2018-02-09 16:23:24,665-INFO: 保存截图2018_02_09_16_23_24_template_download_.png
2018-02-09 16:23:24,666-INFO: 检查素材下载是否成功
2018-02-09 16:23:25,196-INFO: 保存截图2018_02_09_16_23_24_template_download_.png
2018-02-09 16:23:25,197-INFO: 字体下载测试完成
2018-02-09 16:23:25,197-INFO: 使用“字体”
2018-02-09 16:23:27,198-INFO: 字体使用素材并进入预览页测试
2018-02-09 16:23:28,202-INFO: 点击“使用”按钮
2018-02-09 16:23:30,991-INFO: 保存截图2018_02_09_16_23_30_template_use_.png
2018-02-09 16:23:30,991-INFO: 添加视频
2018-02-09 16:23:36,095-INFO: 添加多张图片
2018-02-09 16:24:30,908-INFO: 点击"下一步"
2018-02-09 16:24:33,183-INFO: 字体使用并进入预览页测试完成
2018-02-09 16:24:35,189-INFO: 确认使用该下载的字体
2018-02-09 16:24:37,280-INFO: 保存截图2018_02_09_16_24_37_test_template_font_.png
2018-02-09 16:24:37,280-INFO: 截取使用该字体的片段
2018-02-09 16:25:52,054-INFO: 保存截图2018_02_09_16_25_51_test_template_font_.png
2018-02-09 16:25:53,045-INFO: 点击“存草稿”按钮
2018-02-09 16:25:56,538-INFO: 点击左上角返回按钮退回创作中心
2018-02-09 16:25:59,960-INFO: 点击"素材中心"
2018-02-09 16:26:01,792-INFO: 点击"字体"
2018-02-09 16:26:03,605-INFO: 删除下载的字体
2018-02-09 16:26:03,605-INFO: 字体删除测试
2018-02-09 16:26:06,178-INFO: 保存截图2018_02_09_16_26_05_theme_manager_.png
2018-02-09 16:26:08,997-INFO: 保存截图2018_02_09_16_26_08_theme_manager_.png
2018-02-09 16:26:08,998-INFO: 删除完成后，返回创作中心页面
2018-02-09 16:26:16,188-INFO: 字体删除测试完成
