2018-02-09 18:01:35,596-INFO: 进入素材中心-主题
2018-02-09 18:01:40,598-INFO: 点击创作中心主按钮
2018-02-09 18:01:44,852-INFO: 素材中心-GIPHY
2018-02-09 18:01:45,852-INFO: 点击"素材中心"
2018-02-09 18:01:47,581-INFO: 向上滑动
2018-02-09 18:01:50,850-INFO: 点击"动画贴纸"
2018-02-09 18:01:52,804-INFO: 切换到"GIF"分类
2018-02-09 18:02:01,243-INFO: 保存截图2018_02_09_18_02_00_test_template_giphy_.png
2018-02-09 18:02:01,244-INFO: 下载“GIF贴纸”
2018-02-09 18:02:01,244-INFO: GIF贴纸下载测试
2018-02-09 18:02:01,244-INFO: 开始下载
2018-02-09 18:02:01,458-INFO: 点击“下载”按钮
2018-02-09 18:02:03,236-INFO: 保存截图2018_02_09_18_02_03_template_download_.png
2018-02-09 18:02:03,236-INFO: 检查素材下载是否成功
2018-02-09 18:02:03,674-INFO: 保存截图2018_02_09_18_02_03_template_download_.png
2018-02-09 18:02:03,674-INFO: GIF贴纸下载测试完成
2018-02-09 18:02:03,674-INFO: 使用“GIF贴纸”
2018-02-09 18:02:05,678-INFO: GIF贴纸使用素材并进入预览页测试
2018-02-09 18:02:06,681-INFO: 点击“使用”按钮
2018-02-09 18:02:08,751-INFO: 保存截图2018_02_09_18_02_08_template_use_.png
2018-02-09 18:02:08,751-INFO: 添加视频
