2018-02-09 16:03:49,177-INFO: 进入素材中心-主题
2018-02-09 16:03:54,181-INFO: 点击创作中心主按钮
2018-02-09 16:03:58,351-INFO: 素材中心-特效
2018-02-09 16:03:59,356-INFO: 点击"素材中心"
2018-02-09 16:04:01,011-INFO: 点击"特效"
2018-02-09 16:04:03,582-INFO: 保存截图2018_02_09_16_04_03_test_template_effect_.png
2018-02-09 16:04:03,582-INFO: 下载“特效”
2018-02-09 16:04:03,583-INFO: 特效下载测试
2018-02-09 16:04:03,583-INFO: 开始下载
2018-02-09 16:04:03,910-INFO: 点击“下载”按钮
2018-02-09 16:04:05,497-INFO: 保存截图2018_02_09_16_04_05_template_download_.png
2018-02-09 16:04:05,497-INFO: 检查素材下载是否成功
2018-02-09 16:04:05,926-INFO: 保存截图2018_02_09_16_04_05_template_download_.png
2018-02-09 16:04:05,927-INFO: 特效下载测试完成
2018-02-09 16:04:05,927-INFO: 使用“特效”
2018-02-09 16:04:07,930-INFO: 特效使用素材并进入预览页测试
2018-02-09 16:04:08,933-INFO: 点击“使用”按钮
2018-02-09 16:04:10,753-INFO: 保存截图2018_02_09_16_04_10_template_use_.png
2018-02-09 16:04:10,754-INFO: 添加视频
2018-02-09 16:04:15,591-INFO: 添加多张图片
2018-02-09 16:05:22,280-INFO: 点击"下一步"
2018-02-09 16:05:24,546-INFO: 特效使用并进入预览页测试完成
2018-02-09 16:05:26,549-INFO: 保存使用的特效
2018-02-09 16:05:33,751-INFO: 保存截图2018_02_09_16_05_31_test_template_effect_.png
2018-02-09 16:05:33,751-INFO: 点击“存草稿”按钮
2018-02-09 16:05:36,157-INFO: 点击左上角返回按钮退回创作中心
2018-02-09 16:05:39,157-INFO: 点击"素材中心"
2018-02-09 16:05:40,950-INFO: 点击"特效"
2018-02-09 16:05:42,752-INFO: 删除下载的特效
2018-02-09 16:05:42,752-INFO: 特效删除测试
2018-02-09 16:05:45,223-INFO: 保存截图2018_02_09_16_05_44_theme_manager_.png
2018-02-09 16:05:47,784-INFO: 保存截图2018_02_09_16_05_47_theme_manager_.png
2018-02-09 16:05:47,784-INFO: 删除完成后，返回创作中心页面
2018-02-09 16:05:54,588-INFO: 特效删除测试完成
