2018-02-09 18:10:52,086-INFO: 进入素材中心-主题
2018-02-09 18:10:57,087-INFO: 点击创作中心主按钮
2018-02-09 18:11:01,512-INFO: 素材中心-转场
2018-02-09 18:11:02,514-INFO: 点击"素材中心"
2018-02-09 18:11:04,160-INFO: 向上滑动
2018-02-09 18:11:07,414-INFO: 点击"转场"
2018-02-09 18:11:09,821-INFO: 保存截图2018_02_09_18_11_09_test_template_transition_.png
2018-02-09 18:11:09,821-INFO: 下载“转场”
2018-02-09 18:11:09,821-INFO: 转场下载测试
2018-02-09 18:11:09,822-INFO: 开始下载
2018-02-09 18:11:10,161-INFO: 点击“下载”按钮
2018-02-09 18:11:12,021-INFO: 保存截图2018_02_09_18_11_11_template_download_.png
2018-02-09 18:11:12,022-INFO: 检查素材下载是否成功
2018-02-09 18:11:12,605-INFO: 保存截图2018_02_09_18_11_12_template_download_.png
2018-02-09 18:11:12,605-INFO: 转场下载测试完成
2018-02-09 18:11:12,605-INFO: 使用“转场”
2018-02-09 18:11:15,605-INFO: 转场使用素材并进入预览页测试
2018-02-09 18:11:16,609-INFO: 点击“使用”按钮
2018-02-09 18:11:18,584-INFO: 保存截图2018_02_09_18_11_18_template_use_.png
2018-02-09 18:11:18,585-INFO: 添加视频
