2018-09-13 17:58:22,879  - INFO - ----  test_home_001_相册及camera授权_com.quvideo.xiaoying:id/xiaoying_alert_dialog_positive_click          ----
2018-09-13 17:58:24,180  - INFO - ----  test_home_001_相册及camera授权_text("总是允许")_click          ----
2018-09-13 17:58:26,015  - INFO - ----  test_home_001_相册及camera授权_text("总是允许")_click          ----
2018-09-13 17:58:34,695  - INFO - ----  test_home_001_相册及camera授权_com.quvideo.xiaoying:id/wel_skip_click          ----
2018-09-13 17:58:40,489  - INFO - ----  test_home_001_相册及camera授权_com.quvideo.xiaoying:id/img_creation_click          ----
2018-09-13 17:59:21,525  - INFO - ----  test_home_001_相册及camera授权_com.quvideo.xiaoying:id/icon1_click          ----
2018-09-13 17:59:23,581  - INFO - ----  test_home_001_相册及camera授权_text("跳过")_click          ----
2018-09-13 17:59:24,506  - INFO - ----  test_home_001_相册及camera授权_com.quvideo.xiaoying:id/icon1_click          ----
2018-09-13 17:59:26,585  - INFO - ----  test_home_001_相册及camera授权_com.quvideo.xiaoying:id/xiaoying_com_btn_left_click          ----
2018-09-13 17:59:28,116  - INFO - ----  test_home_001_相册及camera授权_com.quvideo.xiaoying:id/icon2_click          ----
2018-09-13 17:59:29,042  - INFO - ----  test_home_001_相册及camera授权_text("允许")_click          ----
2018-09-13 17:59:30,910  - INFO - ----  test_home_001_相册及camera授权_text("总是允许")_click          ----
2018-09-13 17:59:34,193  - INFO - ----  test_home_001_相册及camera授权_text("总是允许")_click          ----
2018-09-13 17:59:36,704  - INFO - ----  test_home_001_相册及camera授权_text("高清相机")_           ----
2018-09-13 17:59:36,772  - INFO - [CheckPoint_1]: test_privacy_ : OK
2018-09-13 18:00:41,057  - INFO - ----  test_gallery_004_相册-放弃操作_com.quvideo.xiaoying:id/img_creation_click          ----
2018-09-13 18:00:42,458  - INFO - ----  test_gallery_004_相册-放弃操作_com.quvideo.xiaoying:id/icon1_click          ----
2018-09-13 18:00:45,008  - INFO - ----  test_gallery_004_相册-放弃操作_com.quvideo.xiaoying:id/img_icon_click          ----
2018-09-13 18:00:46,485  - INFO - ----  test_gallery_004_相册-放弃操作_com.quvideo.xiaoying:id/imgbtn_import_click          ----
2018-09-13 18:00:49,227  - INFO - ----  test_gallery_004_相册-放弃操作_text("视频")_click          ----
2018-09-13 18:00:51,118  - INFO - ----  test_gallery_004_相册-放弃操作_text("图片")_click          ----
2018-09-13 18:00:54,428  - INFO - ----  test_gallery_004_相册-放弃操作_com.quvideo.xiaoying:id/img_icon_repeat          ----
2018-09-13 18:00:56,320  - INFO - ----  test_gallery_004_相册-放弃操作_com.quvideo.xiaoying:id/xiaoying_com_btn_left_click          ----
2018-09-13 18:00:58,032  - INFO - ----  test_gallery_004_相册-放弃操作_text("丢弃")_click          ----
2018-09-13 18:00:59,786  - INFO - ----  test_gallery_004_相册-放弃操作_text("更多草稿")_           ----
2018-09-13 18:00:59,846  - INFO - [CheckPoint_2]: test_gallery_giveup_ : OK
2018-09-13 18:01:14,962  - INFO - ----  test_gallery_001_相册-图片操作_com.quvideo.xiaoying:id/img_creation_click          ----
2018-09-13 18:01:16,966  - INFO - ----  test_gallery_001_相册-图片操作_com.quvideo.xiaoying:id/icon1_click          ----
2018-09-13 18:01:19,798  - INFO - ----  test_gallery_001_相册-图片操作_text("视频")_click          ----
2018-09-13 18:01:23,091  - INFO - ----  test_gallery_001_相册-图片操作_text("图片")_click          ----
2018-09-13 18:01:26,446  - INFO - ----  test_gallery_001_相册-图片操作_com.quvideo.xiaoying:id/img_icon_click          ----
2018-09-13 18:01:26,691  - INFO - ----  test_gallery_001_相册-图片操作_com.quvideo.xiaoying:id/xiaoying_gallery_preview_layout_click          ----
2018-09-13 18:01:28,411  - INFO - ----  test_gallery_001_相册-图片操作_com.quvideo.xiaoying:id/imgbtn_ratate_click          ----
2018-09-13 18:01:28,598  - INFO - ----  test_gallery_001_相册-图片操作_com.quvideo.xiaoying:id/btn_confirm_click          ----
2018-09-13 18:01:31,766  - INFO - ----  test_gallery_001_相册-图片操作_text("下一步")_click          ----
2018-09-13 18:01:35,275  - INFO - ----  test_gallery_001_相册-图片操作_text("存草稿")_click          ----
2018-09-13 18:01:37,263  - INFO - ----  test_gallery_001_相册-图片操作_com.quvideo.xiaoying:id/xiaoying_com_btn_left_click          ----
2018-09-13 18:01:38,858  - INFO - ----  test_gallery_001_相册-图片操作_text("更多草稿")_           ----
2018-09-13 18:01:38,920  - INFO - [CheckPoint_3]: test_gallery_img_ : OK
2018-09-13 18:01:53,417  - INFO - ----  test_gallery_003_相册-storyboard_com.quvideo.xiaoying:id/img_creation_click          ----
2018-09-13 18:01:55,181  - INFO - ----  test_gallery_003_相册-storyboard_com.quvideo.xiaoying:id/icon1_click          ----
2018-09-13 18:01:57,668  - INFO - ----  test_gallery_003_相册-storyboard_com.quvideo.xiaoying:id/img_icon_click          ----
2018-09-13 18:01:58,854  - INFO - ----  test_gallery_003_相册-storyboard_com.quvideo.xiaoying:id/imgbtn_import_click          ----
2018-09-13 18:02:01,071  - INFO - ----  test_gallery_003_相册-storyboard_text("视频")_click          ----
2018-09-13 18:02:04,348  - INFO - ----  test_gallery_003_相册-storyboard_text("图片")_click          ----
2018-09-13 18:02:05,660  - INFO - ----  test_gallery_003_相册-storyboard_com.quvideo.xiaoying:id/img_icon_repeat          ----
2018-09-13 18:02:07,449  - INFO - ----  test_gallery_003_相册-storyboard_com.quvideo.xiaoying:id/btn_expand_click          ----
2018-09-13 18:02:08,125  - INFO - ----  test_gallery_003_相册-storyboard_com.quvideo.xiaoying:id/icon_click          ----
2018-09-13 18:02:09,576  - INFO - ----  test_gallery_003_相册-storyboard_text("下一步")_click          ----
2018-09-13 18:02:12,887  - INFO - ----  test_gallery_003_相册-storyboard_text("存草稿")_click          ----
2018-09-13 18:02:14,902  - INFO - ----  test_gallery_003_相册-storyboard_com.quvideo.xiaoying:id/xiaoying_com_btn_left_click          ----
2018-09-13 18:02:16,354  - INFO - ----  test_gallery_003_相册-storyboard_text("更多草稿")_           ----
2018-09-13 18:02:16,420  - INFO - [CheckPoint_4]: test_gallery_storyboard_ : OK
2018-09-13 18:02:30,944  - INFO - ----  test_gallery_002_相册-视频操作_com.quvideo.xiaoying:id/img_creation_click          ----
2018-09-13 18:02:32,518  - INFO - ----  test_gallery_002_相册-视频操作_com.quvideo.xiaoying:id/icon1_click          ----
2018-09-13 18:02:34,895  - INFO - ----  test_gallery_002_相册-视频操作_com.quvideo.xiaoying:id/img_icon_click          ----
2018-09-13 18:02:36,597  - INFO - ----  test_gallery_002_相册-视频操作_com.quvideo.xiaoying:id/imgbtn_ratate_click          ----
2018-09-13 18:02:36,782  - INFO - ----  test_gallery_002_相册-视频操作_com.quvideo.xiaoying:id/imgbtn_crop_ignore          ----
2018-09-13 18:02:37,735  - INFO - ----  test_gallery_002_相册-视频操作_com.quvideo.xiaoying:id/btn_start_trim_click          ----
2018-09-13 18:02:38,653  - INFO - ----  test_gallery_002_相册-视频操作_com.quvideo.xiaoying:id/imgbtn_import_click          ----
2018-09-13 18:02:41,239  - INFO - ----  test_gallery_002_相册-视频操作_text("下一步")_click          ----
2018-09-13 18:02:44,450  - INFO - ----  test_gallery_002_相册-视频操作_text("存草稿")_click          ----
2018-09-13 18:02:46,368  - INFO - ----  test_gallery_002_相册-视频操作_com.quvideo.xiaoying:id/xiaoying_com_btn_left_click          ----
2018-09-13 18:02:47,911  - INFO - ----  test_gallery_002_相册-视频操作_text("更多草稿")_           ----
2018-09-13 18:02:47,976  - INFO - [CheckPoint_5]: test_gallery_video_ : OK
