2018-02-09 18:18:53,622-INFO: 进入素材中心-主题
2018-02-09 18:18:58,627-INFO: 点击创作中心主按钮
2018-02-09 18:19:03,642-INFO: 素材中心-转场
2018-02-09 18:19:04,646-INFO: 点击"素材中心"
2018-02-09 18:19:06,198-INFO: 向上滑动
2018-02-09 18:19:09,443-INFO: 点击"转场"
2018-02-09 18:19:11,802-INFO: 保存截图2018_02_09_18_19_11_test_template_transition_.png
2018-02-09 18:19:11,803-INFO: 下载“转场”
2018-02-09 18:19:11,803-INFO: 转场下载测试
2018-02-09 18:19:11,803-INFO: 开始下载
2018-02-09 18:19:12,134-INFO: 点击“下载”按钮
2018-02-09 18:19:13,937-INFO: 保存截图2018_02_09_18_19_13_template_download_.png
2018-02-09 18:19:13,937-INFO: 检查素材下载是否成功
2018-02-09 18:19:14,481-INFO: 保存截图2018_02_09_18_19_14_template_download_.png
2018-02-09 18:19:14,481-INFO: 转场下载测试完成
2018-02-09 18:19:14,481-INFO: 使用“转场”
2018-02-09 18:19:14,481-INFO: 转场使用素材并进入预览页测试
2018-02-09 18:19:15,485-INFO: 点击“使用”按钮
2018-02-09 18:19:17,387-INFO: 保存截图2018_02_09_18_19_17_template_use_.png
2018-02-09 18:19:17,387-INFO: 添加视频
2018-02-09 18:19:23,472-INFO: 添加多张图片
2018-02-09 18:20:17,976-INFO: 点击"下一步"
2018-02-09 18:20:20,232-INFO: 转场使用并进入预览页测试完成
2018-02-09 18:20:22,234-INFO: 确认使用该下载的转场
2018-02-09 18:20:26,647-INFO: 保存截图2018_02_09_18_20_24_test_template_transition_.png
2018-02-09 18:20:26,648-INFO: 点击“存草稿”按钮
2018-02-09 18:20:28,989-INFO: 点击左上角返回按钮退回创作中心
2018-02-09 18:20:31,989-INFO: 点击"素材中心"
2018-02-09 18:20:33,768-INFO: 向上滑动
2018-02-09 18:20:37,292-INFO: 点击"转场"
2018-02-09 18:20:39,206-INFO: 删除下载的转场
2018-02-09 18:20:39,206-INFO: 转场删除测试
2018-02-09 18:20:41,396-INFO: 保存截图2018_02_09_18_20_41_theme_manager_.png
2018-02-09 18:20:43,872-INFO: 保存截图2018_02_09_18_20_43_theme_manager_.png
2018-02-09 18:20:43,872-INFO: 删除完成后，返回创作中心页面
2018-02-09 18:20:50,693-INFO: 转场删除测试完成
