2018-02-09 10:27:16,919-INFO: 更换封面-使用字幕
2018-02-09 10:27:21,919-INFO: 点击创作中心主按钮
2018-02-09 10:27:25,703-INFO: 点击"高清拍摄"按钮
2018-02-09 10:27:25,885-INFO: 当前版本为测试版，点击默认"拍摄"按钮
2018-02-09 10:27:27,502-INFO: 开始录制
2018-02-09 10:27:40,008-INFO: 录制10s后点击录制按钮停止录制
2018-02-09 10:27:40,840-INFO: 点击确认按钮进入预览页
2018-02-09 10:27:41,923-INFO: 保存并上传
2018-02-09 10:27:45,867-INFO: 点击"更换封面"
2018-02-09 10:27:51,597-INFO: 点击"字幕"按钮
2018-02-09 10:27:52,685-INFO: 添加一个字幕
2018-02-09 10:27:54,828-INFO: 保存截图2018_02_09_10_27_54_test_text_use_.png
2018-02-09 10:27:54,828-INFO: 编辑字幕
2018-02-09 10:27:56,932-INFO: 输入字幕
2018-02-09 10:28:14,686-INFO: 保存输入的字幕
2018-02-09 10:28:18,639-INFO: 等待2s并截图
2018-02-09 10:28:20,873-INFO: 保存截图2018_02_09_10_28_20_test_text_use_.png
2018-02-09 10:28:20,873-INFO: 切换字幕分类
2018-02-09 10:28:22,971-INFO: 保存截图2018_02_09_10_28_22_test_text_use_.png
2018-02-09 10:28:22,972-INFO: 保存已添加的封面字幕
2018-02-09 10:28:26,344-INFO: 保存截图2018_02_09_10_28_25_test_text_use_.png
2018-02-09 10:28:26,344-INFO: 更换封面-下载字幕/字体
2018-02-09 10:28:27,349-INFO: 点击"更换封面"
2018-02-09 10:28:32,438-INFO: 点击"字幕"按钮
2018-02-09 10:28:33,587-INFO: 点击"下载更多"字幕
2018-02-09 10:28:34,885-INFO: 点击"下载"按钮
2018-02-09 10:28:49,175-INFO: 保存截图2018_02_09_10_28_48_test_text_download_.png
2018-02-09 10:28:49,175-INFO: 使用下载的字幕
2018-02-09 10:28:53,148-INFO: 保存截图2018_02_09_10_28_52_test_text_download_.png
2018-02-09 10:28:53,148-INFO: 点击"字体"按钮
2018-02-09 10:28:54,499-INFO: 保存截图2018_02_09_10_28_54_test_text_download_.png
2018-02-09 10:28:54,499-INFO: 下载任意"字体"
2018-02-09 10:28:55,821-INFO: 保存截图2018_02_09_10_28_55_test_text_download_.png
2018-02-09 10:28:55,822-INFO: 放弃编辑并返回发布页
2018-02-09 10:28:58,577-INFO: 保存截图2018_02_09_10_28_58_test_text_download_.png
2018-02-09 10:28:58,578-INFO: 更换封面-删除添加的字幕
2018-02-09 10:28:59,581-INFO: 点击"更换封面"
2018-02-09 10:29:04,280-INFO: 点击"字幕"按钮
2018-02-09 10:29:05,440-INFO: 添加一个字幕
2018-02-09 10:29:07,550-INFO: 保存截图2018_02_09_10_29_07_test_text_delete_.png
2018-02-09 10:29:07,550-INFO: 删除已添加的字幕
2018-02-09 10:29:09,072-INFO: 保存截图2018_02_09_10_29_08_test_text_delete_.png
2018-02-09 10:29:09,072-INFO: 保存编辑并返回首页
2018-02-09 10:29:12,334-INFO: 保存截图2018_02_09_10_29_11_test_text_delete_.png
2018-02-09 10:29:12,335-INFO: 点击“存草稿”按钮
2018-02-09 10:29:14,030-INFO: 点击左上角返回按钮退回创作中心
