2018-02-09 17:57:11,095-INFO: 进入素材中心-主题
2018-02-09 17:57:16,098-INFO: 点击创作中心主按钮
2018-02-09 17:57:20,138-INFO: 素材中心-动画贴纸
2018-02-09 17:57:20,138-INFO: 点击"素材中心"
2018-02-09 17:57:21,689-INFO: 向上滑动
2018-02-09 17:57:25,025-INFO: 点击"动画贴纸"
2018-02-09 17:57:28,057-INFO: 保存截图2018_02_09_17_57_26_test_template_sticker_.png
2018-02-09 17:57:28,057-INFO: 下载“动画贴纸”
2018-02-09 17:57:28,058-INFO: 动画贴纸下载测试
2018-02-09 17:57:28,058-INFO: 开始下载
2018-02-09 17:57:28,795-INFO: 点击“下载”按钮
2018-02-09 17:57:32,314-INFO: 保存截图2018_02_09_17_57_31_template_download_.png
2018-02-09 17:57:32,314-INFO: 检查素材下载是否成功
2018-02-09 17:57:33,077-INFO: 保存截图2018_02_09_17_57_32_template_download_.png
2018-02-09 17:57:33,077-INFO: 动画贴纸下载测试完成
2018-02-09 17:57:33,077-INFO: 使用“动画贴纸”
2018-02-09 17:57:35,080-INFO: 动画贴纸使用素材并进入预览页测试
2018-02-09 17:57:36,085-INFO: 点击“使用”按钮
2018-02-09 17:57:40,292-INFO: 保存截图2018_02_09_17_57_39_template_use_.png
2018-02-09 17:57:40,292-INFO: 添加视频
2018-02-09 17:57:45,242-INFO: 添加多张图片
2018-02-09 17:58:38,904-INFO: 点击"下一步"
2018-02-09 17:58:41,163-INFO: 动画贴纸使用并进入预览页测试完成
2018-02-09 17:58:43,166-INFO: 确认使用该下载的贴纸
2018-02-09 17:58:49,200-INFO: 保存截图2018_02_09_17_58_47_test_template_sticker_.png
2018-02-09 17:58:49,200-INFO: 点击“存草稿”按钮
2018-02-09 17:58:51,625-INFO: 点击左上角返回按钮退回创作中心
2018-02-09 17:58:54,781-INFO: 点击"素材中心"
2018-02-09 17:58:56,572-INFO: 向上滑动
2018-02-09 17:58:59,503-INFO: 点击"动画贴纸"
2018-02-09 17:59:01,318-INFO: 删除下载的贴纸
2018-02-09 17:59:01,319-INFO: 动画贴纸删除测试
2018-02-09 17:59:06,213-INFO: 保存截图2018_02_09_17_59_05_theme_manager_.png
2018-02-09 17:59:09,144-INFO: 保存截图2018_02_09_17_59_08_theme_manager_.png
2018-02-09 17:59:09,144-INFO: 删除完成后，返回创作中心页面
2018-02-09 17:59:18,091-INFO: 动画贴纸删除测试完成
2018-02-09 17:59:18,092-INFO: 素材中心-GIPHY
2018-02-09 17:59:18,092-INFO: 点击"素材中心"
2018-02-09 17:59:19,933-INFO: 向上滑动
2018-02-09 17:59:23,526-INFO: 点击"动画贴纸"
