2018-02-09 18:02:59,160-INFO: 进入素材中心-主题
2018-02-09 18:03:04,165-INFO: 点击创作中心主按钮
2018-02-09 18:03:08,520-INFO: 素材中心-GIPHY
2018-02-09 18:03:09,523-INFO: 点击"素材中心"
2018-02-09 18:03:11,164-INFO: 向上滑动
2018-02-09 18:03:13,879-INFO: 点击"动画贴纸"
2018-02-09 18:03:15,837-INFO: 切换到"GIF"分类
2018-02-09 18:03:24,859-INFO: 保存截图2018_02_09_18_03_23_test_template_giphy_.png
2018-02-09 18:03:24,859-INFO: 下载“GIF贴纸”
2018-02-09 18:03:24,859-INFO: GIF贴纸下载测试
2018-02-09 18:03:24,859-INFO: 开始下载
2018-02-09 18:03:25,090-INFO: 点击“下载”按钮
2018-02-09 18:03:26,877-INFO: 保存截图2018_02_09_18_03_26_template_download_.png
2018-02-09 18:03:26,878-INFO: 检查素材下载是否成功
2018-02-09 18:03:27,344-INFO: 保存截图2018_02_09_18_03_27_template_download_.png
2018-02-09 18:03:27,344-INFO: GIF贴纸下载测试完成
2018-02-09 18:03:27,344-INFO: 使用“GIF贴纸”
2018-02-09 18:03:30,346-INFO: GIF贴纸使用素材并进入预览页测试
2018-02-09 18:03:31,349-INFO: 点击“使用”按钮
2018-02-09 18:03:33,507-INFO: 保存截图2018_02_09_18_03_33_template_use_.png
2018-02-09 18:03:33,507-INFO: 添加视频
2018-02-09 18:03:38,811-INFO: 添加多张图片
2018-02-09 18:04:40,852-INFO: 点击"下一步"
2018-02-09 18:04:42,961-INFO: GIF贴纸使用并进入预览页测试完成
2018-02-09 18:04:44,964-INFO: 确认使用该下载的GIF贴纸
2018-02-09 18:04:50,046-INFO: 保存截图2018_02_09_18_04_48_test_template_giphy_.png
2018-02-09 18:04:50,046-INFO: 点击“存草稿”按钮
2018-02-09 18:04:52,607-INFO: 点击左上角返回按钮退回创作中心
2018-02-09 18:04:55,768-INFO: 点击"素材中心"
2018-02-09 18:04:57,648-INFO: 向上滑动
2018-02-09 18:05:00,572-INFO: 点击"动画贴纸"
2018-02-09 18:05:02,657-INFO: 切换到"GIF"分类
2018-02-09 18:05:10,100-INFO: 删除下载的GIF贴纸
2018-02-09 18:05:10,100-INFO: GIF贴纸删除测试
2018-02-09 18:05:12,248-INFO: 保存截图2018_02_09_18_05_11_theme_manager_.png
2018-02-09 18:05:15,256-INFO: 保存截图2018_02_09_18_05_15_theme_manager_.png
2018-02-09 18:05:15,256-INFO: 删除完成后，返回创作中心页面
2018-02-09 18:05:22,398-INFO: GIF贴纸删除测试完成
