2018-02-09 15:51:40,745-INFO: 进入素材中心-主题
2018-02-09 15:51:45,746-INFO: 点击创作中心主按钮
2018-02-09 15:51:50,326-INFO: 点击"素材中心"
2018-02-09 15:51:52,660-INFO: 保存截图2018_02_09_15_51_51_test_template_theme_.png
2018-02-09 15:51:52,660-INFO: 点击“主题”
2018-02-09 15:51:55,664-INFO: 保存截图2018_02_09_15_51_54_test_template_theme_.png
2018-02-09 15:51:55,664-INFO: 下载“主题”
2018-02-09 15:51:55,664-INFO: 主题下载测试
2018-02-09 15:51:55,664-INFO: 开始下载
2018-02-09 15:51:55,950-INFO: 点击“下载”按钮
2018-02-09 15:51:57,777-INFO: 保存截图2018_02_09_15_51_57_template_download_.png
2018-02-09 15:51:57,777-INFO: 检查素材下载是否成功
2018-02-09 15:52:08,565-INFO: 保存截图2018_02_09_15_52_08_template_download_.png
2018-02-09 15:52:08,565-INFO: 主题下载测试完成
2018-02-09 15:52:08,565-INFO: 使用“主题”
2018-02-09 15:52:09,570-INFO: 主题使用素材并进入预览页测试
2018-02-09 15:52:10,573-INFO: 点击“使用”按钮
2018-02-09 15:52:12,425-INFO: 保存截图2018_02_09_15_52_12_template_use_.png
2018-02-09 15:52:12,425-INFO: 添加视频
2018-02-09 15:52:13,109-INFO: 素材中心-转场
2018-02-09 15:52:13,109-INFO: 点击"素材中心"
