2018-02-09 10:20:11,306-INFO: 更换封面-使用字幕
2018-02-09 10:20:16,311-INFO: 点击创作中心主按钮
2018-02-09 10:20:20,370-INFO: 点击"高清拍摄"按钮
2018-02-09 10:20:22,086-INFO: 开始录制
2018-02-09 10:20:35,109-INFO: 录制10s后点击录制按钮停止录制
2018-02-09 10:20:35,903-INFO: 点击确认按钮进入预览页
2018-02-09 10:20:37,023-INFO: 保存并上传
2018-02-09 10:20:41,329-INFO: 点击"更换封面"
2018-02-09 10:20:47,199-INFO: 点击"字幕"按钮
2018-02-09 10:20:48,405-INFO: 添加一个字幕
2018-02-09 10:20:50,528-INFO: 保存截图2018_02_09_10_20_50_test_text_use_.png
2018-02-09 10:20:50,528-INFO: 编辑字幕
2018-02-09 10:20:52,977-INFO: 输入字幕
2018-02-09 10:21:10,907-INFO: 保存输入的字幕
2018-02-09 10:21:14,667-INFO: 等待2s并截图
2018-02-09 10:21:17,010-INFO: 保存截图2018_02_09_10_21_16_test_text_use_.png
2018-02-09 10:21:17,010-INFO: 切换字幕分类
2018-02-09 10:21:18,967-INFO: 保存截图2018_02_09_10_21_18_test_text_use_.png
2018-02-09 10:21:18,967-INFO: 保存已添加的封面字幕
2018-02-09 10:21:22,383-INFO: 保存截图2018_02_09_10_21_21_test_text_use_.png
2018-02-09 10:21:22,383-INFO: 更换封面-下载字幕/字体
2018-02-09 10:21:23,387-INFO: 点击"更换封面"
2018-02-09 10:21:28,373-INFO: 点击"字幕"按钮
2018-02-09 10:21:29,564-INFO: 点击"下载更多"字幕
2018-02-09 10:21:30,802-INFO: 点击"下载"按钮
2018-02-09 10:21:45,047-INFO: 保存截图2018_02_09_10_21_44_test_text_download_.png
2018-02-09 10:21:45,047-INFO: 使用下载的字幕
2018-02-09 10:21:48,938-INFO: 保存截图2018_02_09_10_21_48_test_text_download_.png
2018-02-09 10:21:48,939-INFO: 点击"字体"按钮
2018-02-09 10:21:49,084-INFO: 更换封面-删除添加的字幕
2018-02-09 10:21:50,085-INFO: 点击"更换封面"
