2018-02-09 17:49:59,510-INFO: 进入素材中心-主题
2018-02-09 17:50:04,510-INFO: 点击创作中心主按钮
2018-02-09 17:50:09,277-INFO: 素材中心-字幕
2018-02-09 17:50:09,277-INFO: 点击"素材中心"
2018-02-09 17:50:10,845-INFO: 向上滑动
2018-02-09 17:50:14,116-INFO: 点击"字幕"
2018-02-09 17:50:17,044-INFO: 保存截图2018_02_09_17_50_16_test_template_text_.png
2018-02-09 17:50:17,044-INFO: 下载“字幕”
2018-02-09 17:50:17,044-INFO: 字幕下载测试
2018-02-09 17:50:17,044-INFO: 开始下载
2018-02-09 17:50:17,648-INFO: 点击“下载”按钮
2018-02-09 17:50:20,530-INFO: 保存截图2018_02_09_17_50_20_template_download_.png
2018-02-09 17:50:20,530-INFO: 检查素材下载是否成功
2018-02-09 17:50:21,252-INFO: 保存截图2018_02_09_17_50_20_template_download_.png
2018-02-09 17:50:21,252-INFO: 字幕下载测试完成
2018-02-09 17:50:21,252-INFO: 使用“字幕”
2018-02-09 17:50:23,253-INFO: 字幕使用素材并进入预览页测试
2018-02-09 17:50:24,258-INFO: 点击“使用”按钮
2018-02-09 17:50:27,791-INFO: 保存截图2018_02_09_17_50_27_template_use_.png
2018-02-09 17:50:27,791-INFO: 添加视频
2018-02-09 17:50:33,012-INFO: 添加多张图片
2018-02-09 17:51:34,421-INFO: 点击"下一步"
2018-02-09 17:51:36,413-INFO: 字幕使用并进入预览页测试完成
2018-02-09 17:51:38,415-INFO: 确认使用该下载的字幕
2018-02-09 17:51:40,376-INFO: 截取使用该字体的片段
2018-02-09 17:52:59,160-INFO: 保存截图2018_02_09_17_52_58_test_template_text_.png
2018-02-09 17:53:00,147-INFO: 点击“存草稿”按钮
2018-02-09 17:53:03,819-INFO: 点击左上角返回按钮退回创作中心
2018-02-09 17:53:07,004-INFO: 点击"素材中心"
2018-02-09 17:53:08,860-INFO: 向上滑动
2018-02-09 17:53:11,850-INFO: 点击"字幕"
2018-02-09 17:53:13,803-INFO: 删除下载的字幕
2018-02-09 17:53:13,803-INFO: 字幕删除测试
2018-02-09 17:53:17,674-INFO: 保存截图2018_02_09_17_53_17_theme_manager_.png
2018-02-09 17:53:21,179-INFO: 保存截图2018_02_09_17_53_20_theme_manager_.png
2018-02-09 17:53:21,179-INFO: 删除完成后，返回创作中心页面
2018-02-09 17:53:29,954-INFO: 字幕删除测试完成
