2018-02-09 18:07:52,408-INFO: 进入素材中心-主题
2018-02-09 18:07:57,413-INFO: 点击创作中心主按钮
2018-02-09 18:08:01,540-INFO: 素材中心-转场
2018-02-09 18:08:02,545-INFO: 点击"素材中心"
2018-02-09 18:08:04,243-INFO: 向上滑动
2018-02-09 18:08:06,973-INFO: 点击"转场"
2018-02-09 18:08:10,371-INFO: 保存截图2018_02_09_18_08_09_test_template_transition_.png
2018-02-09 18:08:10,372-INFO: 下载“转场”
2018-02-09 18:08:10,372-INFO: 转场下载测试
2018-02-09 18:08:10,372-INFO: 开始下载
2018-02-09 18:08:10,714-INFO: 点击“下载”按钮
2018-02-09 18:08:12,576-INFO: 保存截图2018_02_09_18_08_12_template_download_.png
2018-02-09 18:08:12,576-INFO: 检查素材下载是否成功
2018-02-09 18:08:13,153-INFO: 保存截图2018_02_09_18_08_12_template_download_.png
2018-02-09 18:08:13,153-INFO: 转场下载测试完成
2018-02-09 18:08:13,153-INFO: 使用“转场”
2018-02-09 18:08:16,155-INFO: 转场使用素材并进入预览页测试
2018-02-09 18:08:17,161-INFO: 点击“使用”按钮
2018-02-09 18:08:19,155-INFO: 保存截图2018_02_09_18_08_18_template_use_.png
2018-02-09 18:08:19,156-INFO: 添加视频
