2018-02-09 15:53:47,166-INFO: 进入素材中心-主题
2018-02-09 15:53:52,169-INFO: 点击创作中心主按钮
2018-02-09 15:53:56,731-INFO: 点击"素材中心"
2018-02-09 15:53:59,003-INFO: 保存截图2018_02_09_15_53_58_test_template_theme_.png
2018-02-09 15:53:59,003-INFO: 点击“主题”
2018-02-09 15:54:01,965-INFO: 保存截图2018_02_09_15_54_00_test_template_theme_.png
2018-02-09 15:54:01,965-INFO: 下载“主题”
2018-02-09 15:54:01,965-INFO: 主题下载测试
2018-02-09 15:54:01,965-INFO: 开始下载
2018-02-09 15:54:02,435-INFO: 点击“下载”按钮
2018-02-09 15:54:04,199-INFO: 保存截图2018_02_09_15_54_03_template_download_.png
2018-02-09 15:54:04,199-INFO: 检查素材下载是否成功
2018-02-09 15:54:04,799-INFO: 保存截图2018_02_09_15_54_04_template_download_.png
2018-02-09 15:54:04,799-INFO: 主题下载测试完成
2018-02-09 15:54:04,799-INFO: 使用“主题”
2018-02-09 15:54:06,803-INFO: 主题使用素材并进入预览页测试
2018-02-09 15:54:07,807-INFO: 点击“使用”按钮
2018-02-09 15:54:09,951-INFO: 保存截图2018_02_09_15_54_09_template_use_.png
2018-02-09 15:54:09,951-INFO: 添加视频
2018-02-09 15:54:15,136-INFO: 添加多张图片
2018-02-09 15:55:23,619-INFO: 点击"下一步"
2018-02-09 15:55:25,884-INFO: 主题使用并进入预览页测试完成
2018-02-09 15:55:27,885-INFO: 点击“存草稿”按钮
2018-02-09 15:55:31,783-INFO: 保存截图2018_02_09_15_55_30_test_template_theme_.png
2018-02-09 15:55:31,784-INFO: 点击左上角返回按钮退回创作中心
2018-02-09 15:55:34,824-INFO: 点击"素材中心"
2018-02-09 15:55:36,573-INFO: 点击"主题"
2018-02-09 15:55:38,344-INFO: 删除下载的主题
2018-02-09 15:55:38,344-INFO: 主题删除测试
2018-02-09 15:55:41,183-INFO: 保存截图2018_02_09_15_55_40_theme_manager_.png
2018-02-09 15:55:43,887-INFO: 保存截图2018_02_09_15_55_43_theme_manager_.png
2018-02-09 15:55:43,887-INFO: 删除完成后，返回创作中心页面
2018-02-09 15:55:50,626-INFO: 主题删除测试完成
