2018-02-09 15:59:11,698-INFO: 进入素材中心-主题
2018-02-09 15:59:16,702-INFO: 点击创作中心主按钮
2018-02-09 15:59:21,077-INFO: 素材中心-滤镜
2018-02-09 15:59:22,078-INFO: 点击"素材中心"
2018-02-09 15:59:23,702-INFO: 点击"滤镜"
2018-02-09 15:59:26,779-INFO: 保存截图2018_02_09_15_59_25_test_template_filter_.png
2018-02-09 15:59:26,779-INFO: 下载“滤镜”
2018-02-09 15:59:26,779-INFO: 滤镜下载测试
2018-02-09 15:59:26,779-INFO: 开始下载
2018-02-09 15:59:27,150-INFO: 点击“下载”按钮
2018-02-09 15:59:30,031-INFO: 保存截图2018_02_09_15_59_29_template_download_.png
2018-02-09 15:59:30,031-INFO: 检查素材下载是否成功
2018-02-09 15:59:30,925-INFO: 保存截图2018_02_09_15_59_30_template_download_.png
2018-02-09 15:59:30,926-INFO: 滤镜下载测试完成
2018-02-09 15:59:30,926-INFO: 使用“滤镜”
2018-02-09 15:59:32,927-INFO: 滤镜使用素材并进入预览页测试
2018-02-09 15:59:33,928-INFO: 点击“使用”按钮
2018-02-09 15:59:38,174-INFO: 保存截图2018_02_09_15_59_36_template_use_.png
2018-02-09 15:59:38,175-INFO: 添加视频
2018-02-09 15:59:42,242-INFO: 添加多张图片
2018-02-09 16:00:43,110-INFO: 点击"下一步"
2018-02-09 16:00:45,121-INFO: 滤镜使用并进入预览页测试完成
2018-02-09 16:00:47,122-INFO: 保存使用的滤镜
2018-02-09 16:00:50,763-INFO: 保存截图2018_02_09_16_00_49_test_template_filter_.png
2018-02-09 16:00:50,763-INFO: 点击“存草稿”按钮
2018-02-09 16:00:53,632-INFO: 保存截图2018_02_09_16_00_53_test_template_filter_.png
2018-02-09 16:00:53,632-INFO: 点击左上角返回按钮退回创作中心
2018-02-09 16:00:56,556-INFO: 点击"素材中心"
2018-02-09 16:00:58,405-INFO: 点击"滤镜"
2018-02-09 16:01:00,291-INFO: 删除下载的滤镜
2018-02-09 16:01:00,292-INFO: 滤镜删除测试
2018-02-09 16:01:03,732-INFO: 保存截图2018_02_09_16_01_03_theme_manager_.png
2018-02-09 16:01:06,649-INFO: 保存截图2018_02_09_16_01_06_theme_manager_.png
2018-02-09 16:01:06,649-INFO: 删除完成后，返回创作中心页面
2018-02-09 16:01:14,717-INFO: 滤镜删除测试完成
