2018-02-09 16:08:56,656-INFO: 进入素材中心-主题
2018-02-09 16:09:01,659-INFO: 点击创作中心主按钮
2018-02-09 16:09:05,908-INFO: 素材中心-字体
2018-02-09 16:09:06,912-INFO: 点击"素材中心"
2018-02-09 16:09:08,531-INFO: 点击"字体"
2018-02-09 16:09:11,010-INFO: 保存截图2018_02_09_16_09_10_test_template_font_.png
2018-02-09 16:09:11,010-INFO: 下载“字体”
2018-02-09 16:09:11,010-INFO: 字体下载测试
2018-02-09 16:09:11,010-INFO: 开始下载
2018-02-09 16:09:11,369-INFO: 点击“下载”按钮
2018-02-09 16:09:13,394-INFO: 保存截图2018_02_09_16_09_13_template_download_.png
2018-02-09 16:09:13,394-INFO: 检查素材下载是否成功
2018-02-09 16:09:13,896-INFO: 保存截图2018_02_09_16_09_13_template_download_.png
2018-02-09 16:09:13,896-INFO: 字体下载测试完成
2018-02-09 16:09:13,896-INFO: 使用“字体”
2018-02-09 16:09:15,898-INFO: 字体使用素材并进入预览页测试
2018-02-09 16:09:16,901-INFO: 点击“使用”按钮
2018-02-09 16:09:19,419-INFO: 保存截图2018_02_09_16_09_19_template_use_.png
2018-02-09 16:09:19,419-INFO: 添加视频
2018-02-09 16:09:24,387-INFO: 添加多张图片
2018-02-09 16:10:26,065-INFO: 点击"下一步"
2018-02-09 16:10:28,073-INFO: 字体使用并进入预览页测试完成
2018-02-09 16:10:30,078-INFO: 确认使用该下载的字体
2018-02-09 16:10:32,145-INFO: 保存截图2018_02_09_16_10_31_test_template_font_.png
2018-02-09 16:10:32,145-INFO: 截取使用该字体的片段
2018-02-09 16:10:33,595-INFO: 保存截图2018_02_09_16_10_33_test_template_font_.png
2018-02-09 16:10:33,595-INFO: 点击“存草稿”按钮
