2018-02-09 10:24:01,936-INFO: 更换封面-使用字幕
2018-02-09 10:24:06,940-INFO: 点击创作中心主按钮
2018-02-09 10:24:11,296-INFO: 点击"高清拍摄"按钮
2018-02-09 10:24:12,976-INFO: 开始录制
2018-02-09 10:24:25,576-INFO: 录制10s后点击录制按钮停止录制
2018-02-09 10:24:26,419-INFO: 点击确认按钮进入预览页
2018-02-09 10:24:27,533-INFO: 保存并上传
2018-02-09 10:24:31,658-INFO: 点击"更换封面"
2018-02-09 10:24:37,395-INFO: 点击"字幕"按钮
2018-02-09 10:24:38,561-INFO: 添加一个字幕
2018-02-09 10:24:40,604-INFO: 保存截图2018_02_09_10_24_40_test_text_use_.png
2018-02-09 10:24:40,605-INFO: 编辑字幕
2018-02-09 10:24:42,745-INFO: 输入字幕
2018-02-09 10:25:00,646-INFO: 保存输入的字幕
2018-02-09 10:25:04,783-INFO: 等待2s并截图
2018-02-09 10:25:07,091-INFO: 保存截图2018_02_09_10_25_06_test_text_use_.png
2018-02-09 10:25:07,091-INFO: 切换字幕分类
2018-02-09 10:25:09,056-INFO: 保存截图2018_02_09_10_25_08_test_text_use_.png
2018-02-09 10:25:09,056-INFO: 保存已添加的封面字幕
2018-02-09 10:25:12,445-INFO: 保存截图2018_02_09_10_25_11_test_text_use_.png
2018-02-09 10:25:12,446-INFO: 更换封面-下载字幕/字体
2018-02-09 10:25:13,450-INFO: 点击"更换封面"
2018-02-09 10:25:18,459-INFO: 点击"字幕"按钮
2018-02-09 10:25:19,621-INFO: 点击"下载更多"字幕
2018-02-09 10:25:20,856-INFO: 点击"下载"按钮
2018-02-09 10:25:35,022-INFO: 保存截图2018_02_09_10_25_34_test_text_download_.png
2018-02-09 10:25:35,022-INFO: 使用下载的字幕
2018-02-09 10:25:38,935-INFO: 保存截图2018_02_09_10_25_38_test_text_download_.png
2018-02-09 10:25:38,935-INFO: 点击"字体"按钮
2018-02-09 10:25:40,321-INFO: 保存截图2018_02_09_10_25_40_test_text_download_.png
2018-02-09 10:25:40,322-INFO: 下载任意"字体"
2018-02-09 10:25:41,660-INFO: 保存截图2018_02_09_10_25_41_test_text_download_.png
2018-02-09 10:25:41,660-INFO: 放弃编辑并返回发布页
2018-02-09 10:25:44,163-INFO: 保存截图2018_02_09_10_25_43_test_text_download_.png
2018-02-09 10:25:44,164-INFO: 更换封面-删除添加的字幕
2018-02-09 10:25:45,169-INFO: 点击"更换封面"
2018-02-09 10:25:49,807-INFO: 添加一个字幕
