2018-02-09 18:07:03,400-INFO: 进入素材中心-主题
2018-02-09 18:07:08,405-INFO: 点击创作中心主按钮
2018-02-09 18:07:12,832-INFO: 素材中心-转场
2018-02-09 18:07:13,835-INFO: 点击"素材中心"
2018-02-09 18:07:15,355-INFO: 向上滑动
2018-02-09 18:07:18,679-INFO: 点击"转场"
2018-02-09 18:07:21,124-INFO: 保存截图2018_02_09_18_07_20_test_template_transition_.png
2018-02-09 18:07:21,125-INFO: 下载“转场”
2018-02-09 18:07:21,125-INFO: 转场下载测试
2018-02-09 18:07:21,125-INFO: 开始下载
2018-02-09 18:07:21,515-INFO: 点击“下载”按钮
2018-02-09 18:07:23,348-INFO: 保存截图2018_02_09_18_07_23_template_download_.png
2018-02-09 18:07:23,348-INFO: 检查素材下载是否成功
2018-02-09 18:07:23,942-INFO: 保存截图2018_02_09_18_07_23_template_download_.png
2018-02-09 18:07:23,942-INFO: 转场下载测试完成
2018-02-09 18:07:23,943-INFO: 使用“转场”
2018-02-09 18:07:25,944-INFO: 转场使用素材并进入预览页测试
2018-02-09 18:07:26,949-INFO: 点击“使用”按钮
2018-02-09 18:07:28,945-INFO: 保存截图2018_02_09_18_07_28_template_use_.png
2018-02-09 18:07:28,945-INFO: 添加视频
